<?xml version="1.0" encoding="UTF-8"?>
<!-- Generated by org.testng.reporters.JUnitReportReporter -->
<testsuite hostname="DESKTOP-G5L9GGI" failures="0" tests="3" name="CucumberPractise.CucumberPractise.AppTest" time="0.006" errors="0" timestamp="2021-02-03T02:42:09 PST" skipped="1">
  <testcase classname="CucumberPractise.CucumberPractise.AppTest" name="shouldAnswerWithTrue" time="0.005"/>
  <system-out/>
  <testcase classname="CucumberPractise.CucumberPractise.AppTest" name="testProperties" time="0.001"/>
  <system-out/>
  <testcase classname="CucumberPractise.CucumberPractise.AppTest" name="testProgram">
    <skipped/>
  </testcase> <!-- testProgram -->
  <system-out/>
</testsuite> <!-- CucumberPractise.CucumberPractise.AppTest -->
